\BOOKMARK [1][-]{section.1}{\376\377\000P\000r\000\351\000s\000e\000n\000t\000a\000t\000i\000o\000n\000\040\000d\000u\000\040\000p\000r\000o\000b\000l\000\350\000m\000e}{}% 1
\BOOKMARK [1][-]{section.2}{\376\377\000I\000n\000s\000t\000a\000n\000c\000e\000s\000\040\000u\000t\000i\000l\000i\000s\000\351\000e\000s}{}% 2
\BOOKMARK [1][-]{section.3}{\376\377\000A\000l\000g\000o\000r\000i\000t\000h\000m\000e\000s\000\040\000i\000m\000p\000l\000\351\000m\000e\000n\000t\000\351\000s}{}% 3
\BOOKMARK [2][-]{subsection.3.1}{\376\377\000L\000e\000s\000\040\000d\000e\000s\000c\000e\000n\000t\000e\000s}{section.3}% 4
\BOOKMARK [3][-]{subsubsection.3.1.1}{\376\377\000L\000e\000s\000\040\000r\000e\000l\000a\000t\000i\000o\000n\000\040\000d\000e\000\040\000v\000o\000i\000s\000i\000n\000a\000g\000e}{subsection.3.1}% 5
\BOOKMARK [3][-]{subsubsection.3.1.2}{\376\377\000C\000h\000o\000i\000x\000\040\000d\000e\000\040\000v\000o\000i\000s\000i\000n}{subsection.3.1}% 6
\BOOKMARK [3][-]{subsubsection.3.1.3}{\376\377\000D\000e\000s\000c\000e\000n\000t\000e\000\040\000c\000o\000m\000p\000l\000\350\000t\000e}{subsection.3.1}% 7
\BOOKMARK [2][-]{subsection.3.2}{\376\377\000I\000t\000e\000r\000a\000t\000e\000d\000\040\000L\000o\000c\000a\000l\000\040\000S\000e\000a\000r\000c\000h\000\050\000I\000L\000S\000\051}{section.3}% 8
\BOOKMARK [2][-]{subsection.3.3}{\376\377\000S\000a\000m\000p\000l\000e\000d\000\040\000W\000a\000l\000k\000\040\000\050\000S\000W\000\051}{section.3}% 9
\BOOKMARK [1][-]{section.4}{\376\377\000P\000r\000o\000t\000o\000c\000o\000l\000e\000\040\000e\000x\000p\000\351\000r\000i\000m\000e\000n\000t\000a\000l}{}% 10
\BOOKMARK [1][-]{section.5}{\376\377\000R\000\351\000s\000u\000l\000t\000a\000t\000s\000\040\000o\000b\000t\000e\000n\000u\000s}{}% 11
\BOOKMARK [2][-]{subsection.5.1}{\376\377\000D\000e\000s\000c\000e\000n\000t\000e\000s}{section.5}% 12
\BOOKMARK [3][-]{subsubsection.5.1.1}{\376\377\000R\000\351\000s\000u\000l\000t\000a\000t\000s\000\040\000d\000e\000s\000\040\000v\000e\000r\000s\000u\000s}{subsection.5.1}% 13
\BOOKMARK [3][-]{subsubsection.5.1.2}{\376\377\000M\000o\000y\000e\000n\000n\000e\000\040\000d\000e\000s\000\040\000s\000c\000o\000r\000e\000s}{subsection.5.1}% 14
\BOOKMARK [3][-]{subsubsection.5.1.3}{\376\377\000D\000u\000r\000\351\000e\000\040\000e\000t\000\040\000i\000n\000f\000l\000u\000e\000n\000c\000e\000\040\000d\000e\000\040\000l\000'\000\351\000v\000a\000l\000u\000a\000t\000i\000o\000n\000\040\000i\000n\000c\000r\000\351\000m\000e\000n\000t\000a\000l\000e}{subsection.5.1}% 15
\BOOKMARK [2][-]{subsection.5.2}{\376\377\000I\000L\000S\000\040\000e\000t\000\040\000S\000W}{section.5}% 16
\BOOKMARK [3][-]{subsubsection.5.2.1}{\376\377\000I\000L\000S}{subsection.5.2}% 17
\BOOKMARK [3][-]{subsubsection.5.2.2}{\376\377\000S\000W}{subsection.5.2}% 18
\BOOKMARK [1][-]{section.6}{\376\377\000A\000n\000a\000l\000y\000s\000e\000\040\000d\000e\000s\000\040\000r\000\351\000s\000u\000l\000t\000a\000t\000s}{}% 19
\BOOKMARK [1][-]{section.7}{\376\377\000C\000o\000n\000c\000l\000u\000s\000i\000o\000n}{}% 20
\BOOKMARK [1][-]{section.8}{\376\377\000R\000e\000f\000e\000r\000e\000n\000c\000e\000s}{}% 21
